[debug] [2021-12-02T18:42:49.254Z] ----------------------------------------------------------------------
[debug] [2021-12-02T18:42:49.255Z] Command:       /usr/local/Cellar/node/17.0.1/bin/node /usr/local/bin/firebase serve
[debug] [2021-12-02T18:42:49.256Z] CLI Version:   9.23.0
[debug] [2021-12-02T18:42:49.256Z] Platform:      darwin
[debug] [2021-12-02T18:42:49.256Z] Node Version:  v17.0.1
[debug] [2021-12-02T18:42:49.257Z] Time:          Thu Dec 02 2021 19:42:49 GMT+0100 (Central European Standard Time)
[debug] [2021-12-02T18:42:49.257Z] ----------------------------------------------------------------------
[debug] 
[debug] [2021-12-02T18:42:49.299Z] > command requires scopes: ["email","openid","https://www.googleapis.com/auth/cloudplatformprojects.readonly","https://www.googleapis.com/auth/firebase","https://www.googleapis.com/auth/cloud-platform"]
[debug] [2021-12-02T18:42:49.300Z] > authorizing via signed-in user (nicolas.f.ollier@gmail.com)
[debug] [2021-12-02T18:42:49.300Z] [iam] checking project snake-game-4e96e for permissions ["firebase.projects.get"]
[debug] [2021-12-02T18:42:49.301Z] > refreshing access token with scopes: ["email","https://www.googleapis.com/auth/cloud-platform","https://www.googleapis.com/auth/cloudplatformprojects.readonly","https://www.googleapis.com/auth/firebase","openid"]
[debug] [2021-12-02T18:42:49.301Z] >>> HTTP REQUEST POST https://www.googleapis.com/oauth2/v3/token  
 <request body omitted>
[debug] [2021-12-02T18:42:49.558Z] <<< HTTP RESPONSE 200 {"expires":"Mon, 01 Jan 1990 00:00:00 GMT","pragma":"no-cache","date":"Thu, 02 Dec 2021 18:42:49 GMT","cache-control":"no-cache, no-store, max-age=0, must-revalidate","content-type":"application/json; charset=utf-8","vary":"X-Origin, Referer, Origin,Accept-Encoding","server":"scaffolding on HTTPServer2","x-xss-protection":"0","x-frame-options":"SAMEORIGIN","x-content-type-options":"nosniff","alt-svc":"h3=\":443\"; ma=2592000,h3-29=\":443\"; ma=2592000,h3-Q050=\":443\"; ma=2592000,h3-Q046=\":443\"; ma=2592000,h3-Q043=\":443\"; ma=2592000,quic=\":443\"; ma=2592000; v=\"46,43\"","accept-ranges":"none","transfer-encoding":"chunked"}
[debug] [2021-12-02T18:42:49.610Z] >>> HTTP REQUEST POST https://cloudresourcemanager.googleapis.com/v1/projects/snake-game-4e96e:testIamPermissions  
 {"permissions":["firebase.projects.get"]}
[debug] [2021-12-02T18:42:50.049Z] <<< HTTP RESPONSE 200 {"content-type":"application/json; charset=UTF-8","vary":"X-Origin, Referer, Origin,Accept-Encoding","date":"Thu, 02 Dec 2021 18:42:50 GMT","server":"ESF","cache-control":"private","x-xss-protection":"0","x-frame-options":"SAMEORIGIN","x-content-type-options":"nosniff","server-timing":"gfet4t7; dur=131","alt-svc":"h3=\":443\"; ma=2592000,h3-29=\":443\"; ma=2592000,h3-Q050=\":443\"; ma=2592000,h3-Q046=\":443\"; ma=2592000,h3-Q043=\":443\"; ma=2592000,quic=\":443\"; ma=2592000; v=\"46,43\"","accept-ranges":"none","transfer-encoding":"chunked"}
[debug] [2021-12-02T18:42:50.051Z] > refreshing access token with scopes: []
[debug] [2021-12-02T18:42:50.051Z] >>> HTTP REQUEST POST https://www.googleapis.com/oauth2/v3/token  
 <request body omitted>
[debug] [2021-12-02T18:42:50.269Z] <<< HTTP RESPONSE 200 {"cache-control":"no-cache, no-store, max-age=0, must-revalidate","expires":"Mon, 01 Jan 1990 00:00:00 GMT","pragma":"no-cache","date":"Thu, 02 Dec 2021 18:42:50 GMT","content-type":"application/json; charset=utf-8","vary":"X-Origin, Referer, Origin,Accept-Encoding","server":"scaffolding on HTTPServer2","x-xss-protection":"0","x-frame-options":"SAMEORIGIN","x-content-type-options":"nosniff","alt-svc":"h3=\":443\"; ma=2592000,h3-29=\":443\"; ma=2592000,h3-Q050=\":443\"; ma=2592000,h3-Q046=\":443\"; ma=2592000,h3-Q043=\":443\"; ma=2592000,quic=\":443\"; ma=2592000; v=\"46,43\"","accept-ranges":"none","transfer-encoding":"chunked"}
[debug] [2021-12-02T18:42:50.323Z] >>> [apiv2][query] GET https://firebase.googleapis.com/v1beta1/projects/snake-game-4e96e [none]
[debug] [2021-12-02T18:42:50.843Z] <<< [apiv2][status] GET https://firebase.googleapis.com/v1beta1/projects/snake-game-4e96e 200
[debug] [2021-12-02T18:42:50.843Z] <<< [apiv2][body] GET https://firebase.googleapis.com/v1beta1/projects/snake-game-4e96e {"projectId":"snake-game-4e96e","projectNumber":"343982368404","displayName":"Snake Game","name":"projects/snake-game-4e96e","resources":{"hostingSite":"snake-game-4e96e","realtimeDatabaseInstance":"snake-game-4e96e-default-rtdb","storageBucket":"snake-game-4e96e.appspot.com","locationId":"europe-west"},"state":"ACTIVE"}
[info] 
[info] === Serving from '/Users/nicolas_ollier/Desktop/Dev/Sandbox/snake-game'...
[info] 
[debug] [2021-12-02T18:42:50.845Z] >>> [apiv2][query] GET https://firebasehosting.googleapis.com/v1beta1/projects/snake-game-4e96e/sites 
[debug] [2021-12-02T18:42:51.392Z] <<< [apiv2][status] GET https://firebasehosting.googleapis.com/v1beta1/projects/snake-game-4e96e/sites 200
[debug] [2021-12-02T18:42:51.392Z] <<< [apiv2][body] GET https://firebasehosting.googleapis.com/v1beta1/projects/snake-game-4e96e/sites {"sites":[{"name":"projects/343982368404/sites/snake-game-4e96e","defaultUrl":"https://snake-game-4e96e.web.app","type":"DEFAULT_SITE"}]}
[debug] [2021-12-02T18:42:51.393Z] >>> [apiv2][query] GET https://firebase.googleapis.com/v1beta1/projects/snake-game-4e96e/webApps/-/config [none]
[debug] [2021-12-02T18:42:51.986Z] <<< [apiv2][status] GET https://firebase.googleapis.com/v1beta1/projects/snake-game-4e96e/webApps/-/config 200
[debug] [2021-12-02T18:42:51.986Z] <<< [apiv2][body] GET https://firebase.googleapis.com/v1beta1/projects/snake-game-4e96e/webApps/-/config {"projectId":"snake-game-4e96e","appId":"1:343982368404:web:d623f572ddad359aceb681","databaseURL":"https://snake-game-4e96e-default-rtdb.europe-west1.firebasedatabase.app","storageBucket":"snake-game-4e96e.appspot.com","locationId":"europe-west","apiKey":"AIzaSyC1xJ79NrByq95mrmEf_kF7T9cIyllCn5w","authDomain":"snake-game-4e96e.firebaseapp.com","messagingSenderId":"343982368404"}
[warn] ⚠  hosting: Port 5000 is not available. Trying another port... {"metadata":{"emulator":{"name":"hosting"},"message":"\u001b[33mhosting: \u001b[39mPort 5000 is not available. Trying another port..."}}
[warn] ⚠  hosting: Port 5000 is not available. Trying another port... {"metadata":{"emulator":{"name":"hosting"},"message":"\u001b[33mhosting: \u001b[39mPort 5000 is not available. Trying another port..."}}
[warn] ⚠  hosting: Port 5000 is not available. Trying another port... {"metadata":{"emulator":{"name":"hosting"},"message":"\u001b[33mhosting: \u001b[39mPort 5000 is not available. Trying another port..."}}
[info] i  hosting: Serving hosting files from: public {"metadata":{"emulator":{"name":"hosting"},"message":"Serving hosting files from: \u001b[1mpublic\u001b[22m"}}
[info] ✔  hosting: Local server: http://localhost:5015 {"metadata":{"emulator":{"name":"hosting"},"message":"Local server: \u001b[4m\u001b[1mhttp://localhost:5015\u001b[22m\u001b[24m"}}
[info] i  hosting: ::1 - - [02/Dec/2021:18:42:56 +0000] "GET / HTTP/1.1" 200 2566 "-" "Mozilla/5.0 (Macintosh; Intel Mac OS X 10_15_7) AppleWebKit/537.36 (KHTML, like Gecko) Chrome/96.0.4664.45 Safari/537.36" {"metadata":{"emulator":{"name":"hosting"},"message":"::1 - - [02/Dec/2021:18:42:56 +0000] \"GET / HTTP/1.1\" 200 2566 \"-\" \"Mozilla/5.0 (Macintosh; Intel Mac OS X 10_15_7) AppleWebKit/537.36 (KHTML, like Gecko) Chrome/96.0.4664.45 Safari/537.36\""}}
[info] i  hosting: ::1 - - [02/Dec/2021:18:42:56 +0000] "GET /css/reset.css HTTP/1.1" 200 1104 "http://localhost:5015/" "Mozilla/5.0 (Macintosh; Intel Mac OS X 10_15_7) AppleWebKit/537.36 (KHTML, like Gecko) Chrome/96.0.4664.45 Safari/537.36" {"metadata":{"emulator":{"name":"hosting"},"message":"::1 - - [02/Dec/2021:18:42:56 +0000] \"GET /css/reset.css HTTP/1.1\" 200 1104 \"http://localhost:5015/\" \"Mozilla/5.0 (Macintosh; Intel Mac OS X 10_15_7) AppleWebKit/537.36 (KHTML, like Gecko) Chrome/96.0.4664.45 Safari/537.36\""}}
[info] i  hosting: ::1 - - [02/Dec/2021:18:42:56 +0000] "GET /css/style.css HTTP/1.1" 200 1372 "http://localhost:5015/" "Mozilla/5.0 (Macintosh; Intel Mac OS X 10_15_7) AppleWebKit/537.36 (KHTML, like Gecko) Chrome/96.0.4664.45 Safari/537.36" {"metadata":{"emulator":{"name":"hosting"},"message":"::1 - - [02/Dec/2021:18:42:56 +0000] \"GET /css/style.css HTTP/1.1\" 200 1372 \"http://localhost:5015/\" \"Mozilla/5.0 (Macintosh; Intel Mac OS X 10_15_7) AppleWebKit/537.36 (KHTML, like Gecko) Chrome/96.0.4664.45 Safari/537.36\""}}
[debug] [2021-12-02T18:42:56.316Z] >>> [apiv2][query] GET https://www.gstatic.com/firebasejs/9.5.0/firebase-app-compat.js [none]
[info] i  hosting: ::1 - - [02/Dec/2021:18:42:56 +0000] "GET /index.js HTTP/1.1" 200 3609 "http://localhost:5015/" "Mozilla/5.0 (Macintosh; Intel Mac OS X 10_15_7) AppleWebKit/537.36 (KHTML, like Gecko) Chrome/96.0.4664.45 Safari/537.36" {"metadata":{"emulator":{"name":"hosting"},"message":"::1 - - [02/Dec/2021:18:42:56 +0000] \"GET /index.js HTTP/1.1\" 200 3609 \"http://localhost:5015/\" \"Mozilla/5.0 (Macintosh; Intel Mac OS X 10_15_7) AppleWebKit/537.36 (KHTML, like Gecko) Chrome/96.0.4664.45 Safari/537.36\""}}
[debug] [2021-12-02T18:42:56.322Z] >>> [apiv2][query] GET https://www.gstatic.com/firebasejs/9.5.0/firebase-auth-compat.js [none]
[debug] [2021-12-02T18:42:56.560Z] >>> [apiv2][query] GET https://www.gstatic.com/firebasejs/9.5.0/firebase-database-compat.js [none]
[debug] [2021-12-02T18:42:56.596Z] <<< [apiv2][status] GET https://www.gstatic.com/firebasejs/9.5.0/firebase-app-compat.js 200
[debug] [2021-12-02T18:42:56.596Z] <<< [apiv2][body] GET https://www.gstatic.com/firebasejs/9.5.0/firebase-app-compat.js [stream]
[debug] [2021-12-02T18:42:56.599Z] <<< [apiv2][status] GET https://www.gstatic.com/firebasejs/9.5.0/firebase-auth-compat.js 200
[debug] [2021-12-02T18:42:56.599Z] <<< [apiv2][body] GET https://www.gstatic.com/firebasejs/9.5.0/firebase-auth-compat.js [stream]
[info] i  hosting: ::1 - - [02/Dec/2021:18:42:56 +0000] "GET /__/firebase/9.5.0/firebase-app-compat.js HTTP/1.1" 200 17887 "http://localhost:5015/" "Mozilla/5.0 (Macintosh; Intel Mac OS X 10_15_7) AppleWebKit/537.36 (KHTML, like Gecko) Chrome/96.0.4664.45 Safari/537.36" {"metadata":{"emulator":{"name":"hosting"},"message":"::1 - - [02/Dec/2021:18:42:56 +0000] \"GET /__/firebase/9.5.0/firebase-app-compat.js HTTP/1.1\" 200 17887 \"http://localhost:5015/\" \"Mozilla/5.0 (Macintosh; Intel Mac OS X 10_15_7) AppleWebKit/537.36 (KHTML, like Gecko) Chrome/96.0.4664.45 Safari/537.36\""}}
[debug] [2021-12-02T18:42:56.607Z] >>> [apiv2][query] GET https://www.gstatic.com/firebasejs/9.5.0/firebase-firestore-compat.js [none]
[info] i  hosting: ::1 - - [02/Dec/2021:18:42:56 +0000] "GET /__/firebase/9.5.0/firebase-auth-compat.js HTTP/1.1" 200 122868 "http://localhost:5015/" "Mozilla/5.0 (Macintosh; Intel Mac OS X 10_15_7) AppleWebKit/537.36 (KHTML, like Gecko) Chrome/96.0.4664.45 Safari/537.36" {"metadata":{"emulator":{"name":"hosting"},"message":"::1 - - [02/Dec/2021:18:42:56 +0000] \"GET /__/firebase/9.5.0/firebase-auth-compat.js HTTP/1.1\" 200 122868 \"http://localhost:5015/\" \"Mozilla/5.0 (Macintosh; Intel Mac OS X 10_15_7) AppleWebKit/537.36 (KHTML, like Gecko) Chrome/96.0.4664.45 Safari/537.36\""}}
[debug] [2021-12-02T18:42:56.705Z] >>> [apiv2][query] GET https://www.gstatic.com/firebasejs/9.5.0/firebase-functions-compat.js [none]
[debug] [2021-12-02T18:42:56.756Z] <<< [apiv2][status] GET https://www.gstatic.com/firebasejs/9.5.0/firebase-database-compat.js 200
[debug] [2021-12-02T18:42:56.757Z] <<< [apiv2][body] GET https://www.gstatic.com/firebasejs/9.5.0/firebase-database-compat.js [stream]
[debug] [2021-12-02T18:42:56.802Z] <<< [apiv2][status] GET https://www.gstatic.com/firebasejs/9.5.0/firebase-firestore-compat.js 200
[debug] [2021-12-02T18:42:56.802Z] <<< [apiv2][body] GET https://www.gstatic.com/firebasejs/9.5.0/firebase-firestore-compat.js [stream]
[debug] [2021-12-02T18:42:56.901Z] <<< [apiv2][status] GET https://www.gstatic.com/firebasejs/9.5.0/firebase-functions-compat.js 200
[debug] [2021-12-02T18:42:56.901Z] <<< [apiv2][body] GET https://www.gstatic.com/firebasejs/9.5.0/firebase-functions-compat.js [stream]
[info] i  hosting: ::1 - - [02/Dec/2021:18:42:56 +0000] "GET /__/firebase/9.5.0/firebase-functions-compat.js HTTP/1.1" 200 7947 "http://localhost:5015/" "Mozilla/5.0 (Macintosh; Intel Mac OS X 10_15_7) AppleWebKit/537.36 (KHTML, like Gecko) Chrome/96.0.4664.45 Safari/537.36" {"metadata":{"emulator":{"name":"hosting"},"message":"::1 - - [02/Dec/2021:18:42:56 +0000] \"GET /__/firebase/9.5.0/firebase-functions-compat.js HTTP/1.1\" 200 7947 \"http://localhost:5015/\" \"Mozilla/5.0 (Macintosh; Intel Mac OS X 10_15_7) AppleWebKit/537.36 (KHTML, like Gecko) Chrome/96.0.4664.45 Safari/537.36\""}}
[debug] [2021-12-02T18:42:56.917Z] >>> [apiv2][query] GET https://www.gstatic.com/firebasejs/9.5.0/firebase-messaging-compat.js [none]
[info] i  hosting: ::1 - - [02/Dec/2021:18:42:56 +0000] "GET /__/firebase/9.5.0/firebase-database-compat.js HTTP/1.1" 200 165337 "http://localhost:5015/" "Mozilla/5.0 (Macintosh; Intel Mac OS X 10_15_7) AppleWebKit/537.36 (KHTML, like Gecko) Chrome/96.0.4664.45 Safari/537.36" {"metadata":{"emulator":{"name":"hosting"},"message":"::1 - - [02/Dec/2021:18:42:56 +0000] \"GET /__/firebase/9.5.0/firebase-database-compat.js HTTP/1.1\" 200 165337 \"http://localhost:5015/\" \"Mozilla/5.0 (Macintosh; Intel Mac OS X 10_15_7) AppleWebKit/537.36 (KHTML, like Gecko) Chrome/96.0.4664.45 Safari/537.36\""}}
[debug] [2021-12-02T18:42:56.939Z] >>> [apiv2][query] GET https://www.gstatic.com/firebasejs/9.5.0/firebase-storage-compat.js [none]
[info] i  hosting: ::1 - - [02/Dec/2021:18:42:57 +0000] "GET /__/firebase/9.5.0/firebase-firestore-compat.js HTTP/1.1" 200 277960 "http://localhost:5015/" "Mozilla/5.0 (Macintosh; Intel Mac OS X 10_15_7) AppleWebKit/537.36 (KHTML, like Gecko) Chrome/96.0.4664.45 Safari/537.36" {"metadata":{"emulator":{"name":"hosting"},"message":"::1 - - [02/Dec/2021:18:42:57 +0000] \"GET /__/firebase/9.5.0/firebase-firestore-compat.js HTTP/1.1\" 200 277960 \"http://localhost:5015/\" \"Mozilla/5.0 (Macintosh; Intel Mac OS X 10_15_7) AppleWebKit/537.36 (KHTML, like Gecko) Chrome/96.0.4664.45 Safari/537.36\""}}
[debug] [2021-12-02T18:42:57.061Z] >>> [apiv2][query] GET https://www.gstatic.com/firebasejs/9.5.0/firebase-analytics-compat.js [none]
[debug] [2021-12-02T18:42:57.113Z] <<< [apiv2][status] GET https://www.gstatic.com/firebasejs/9.5.0/firebase-messaging-compat.js 200
[debug] [2021-12-02T18:42:57.113Z] <<< [apiv2][body] GET https://www.gstatic.com/firebasejs/9.5.0/firebase-messaging-compat.js [stream]
[debug] [2021-12-02T18:42:57.139Z] <<< [apiv2][status] GET https://www.gstatic.com/firebasejs/9.5.0/firebase-storage-compat.js 200
[debug] [2021-12-02T18:42:57.139Z] <<< [apiv2][body] GET https://www.gstatic.com/firebasejs/9.5.0/firebase-storage-compat.js [stream]
[info] i  hosting: ::1 - - [02/Dec/2021:18:42:57 +0000] "GET /__/firebase/9.5.0/firebase-storage-compat.js HTTP/1.1" 200 38244 "http://localhost:5015/" "Mozilla/5.0 (Macintosh; Intel Mac OS X 10_15_7) AppleWebKit/537.36 (KHTML, like Gecko) Chrome/96.0.4664.45 Safari/537.36" {"metadata":{"emulator":{"name":"hosting"},"message":"::1 - - [02/Dec/2021:18:42:57 +0000] \"GET /__/firebase/9.5.0/firebase-storage-compat.js HTTP/1.1\" 200 38244 \"http://localhost:5015/\" \"Mozilla/5.0 (Macintosh; Intel Mac OS X 10_15_7) AppleWebKit/537.36 (KHTML, like Gecko) Chrome/96.0.4664.45 Safari/537.36\""}}
[debug] [2021-12-02T18:42:57.151Z] >>> [apiv2][query] GET https://www.gstatic.com/firebasejs/9.5.0/firebase-remote-config-compat.js [none]
[info] i  hosting: ::1 - - [02/Dec/2021:18:42:57 +0000] "GET /__/firebase/9.5.0/firebase-messaging-compat.js HTTP/1.1" 200 37955 "http://localhost:5015/" "Mozilla/5.0 (Macintosh; Intel Mac OS X 10_15_7) AppleWebKit/537.36 (KHTML, like Gecko) Chrome/96.0.4664.45 Safari/537.36" {"metadata":{"emulator":{"name":"hosting"},"message":"::1 - - [02/Dec/2021:18:42:57 +0000] \"GET /__/firebase/9.5.0/firebase-messaging-compat.js HTTP/1.1\" 200 37955 \"http://localhost:5015/\" \"Mozilla/5.0 (Macintosh; Intel Mac OS X 10_15_7) AppleWebKit/537.36 (KHTML, like Gecko) Chrome/96.0.4664.45 Safari/537.36\""}}
[debug] [2021-12-02T18:42:57.201Z] >>> [apiv2][query] GET https://www.gstatic.com/firebasejs/9.5.0/firebase-performance-compat.js [none]
[debug] [2021-12-02T18:42:57.261Z] <<< [apiv2][status] GET https://www.gstatic.com/firebasejs/9.5.0/firebase-analytics-compat.js 200
[debug] [2021-12-02T18:42:57.261Z] <<< [apiv2][body] GET https://www.gstatic.com/firebasejs/9.5.0/firebase-analytics-compat.js [stream]
[info] i  hosting: ::1 - - [02/Dec/2021:18:42:57 +0000] "GET /__/firebase/9.5.0/firebase-analytics-compat.js HTTP/1.1" 200 26026 "http://localhost:5015/" "Mozilla/5.0 (Macintosh; Intel Mac OS X 10_15_7) AppleWebKit/537.36 (KHTML, like Gecko) Chrome/96.0.4664.45 Safari/537.36" {"metadata":{"emulator":{"name":"hosting"},"message":"::1 - - [02/Dec/2021:18:42:57 +0000] \"GET /__/firebase/9.5.0/firebase-analytics-compat.js HTTP/1.1\" 200 26026 \"http://localhost:5015/\" \"Mozilla/5.0 (Macintosh; Intel Mac OS X 10_15_7) AppleWebKit/537.36 (KHTML, like Gecko) Chrome/96.0.4664.45 Safari/537.36\""}}
[info] i  hosting: ::1 - - [02/Dec/2021:18:42:57 +0000] "GET /__/firebase/init.js?useEmulator=true HTTP/1.1" 200 - "http://localhost:5015/" "Mozilla/5.0 (Macintosh; Intel Mac OS X 10_15_7) AppleWebKit/537.36 (KHTML, like Gecko) Chrome/96.0.4664.45 Safari/537.36" {"metadata":{"emulator":{"name":"hosting"},"message":"::1 - - [02/Dec/2021:18:42:57 +0000] \"GET /__/firebase/init.js?useEmulator=true HTTP/1.1\" 200 - \"http://localhost:5015/\" \"Mozilla/5.0 (Macintosh; Intel Mac OS X 10_15_7) AppleWebKit/537.36 (KHTML, like Gecko) Chrome/96.0.4664.45 Safari/537.36\""}}
[info] i  hosting: ::1 - - [02/Dec/2021:18:42:57 +0000] "GET /img/logo/game-logo.svg HTTP/1.1" 200 2566 "http://localhost:5015/" "Mozilla/5.0 (Macintosh; Intel Mac OS X 10_15_7) AppleWebKit/537.36 (KHTML, like Gecko) Chrome/96.0.4664.45 Safari/537.36" {"metadata":{"emulator":{"name":"hosting"},"message":"::1 - - [02/Dec/2021:18:42:57 +0000] \"GET /img/logo/game-logo.svg HTTP/1.1\" 200 2566 \"http://localhost:5015/\" \"Mozilla/5.0 (Macintosh; Intel Mac OS X 10_15_7) AppleWebKit/537.36 (KHTML, like Gecko) Chrome/96.0.4664.45 Safari/537.36\""}}
[debug] [2021-12-02T18:42:57.346Z] <<< [apiv2][status] GET https://www.gstatic.com/firebasejs/9.5.0/firebase-remote-config-compat.js 200
[debug] [2021-12-02T18:42:57.346Z] <<< [apiv2][body] GET https://www.gstatic.com/firebasejs/9.5.0/firebase-remote-config-compat.js [stream]
[info] i  hosting: ::1 - - [02/Dec/2021:18:42:57 +0000] "GET /__/firebase/9.5.0/firebase-remote-config-compat.js HTTP/1.1" 200 27493 "http://localhost:5015/" "Mozilla/5.0 (Macintosh; Intel Mac OS X 10_15_7) AppleWebKit/537.36 (KHTML, like Gecko) Chrome/96.0.4664.45 Safari/537.36" {"metadata":{"emulator":{"name":"hosting"},"message":"::1 - - [02/Dec/2021:18:42:57 +0000] \"GET /__/firebase/9.5.0/firebase-remote-config-compat.js HTTP/1.1\" 200 27493 \"http://localhost:5015/\" \"Mozilla/5.0 (Macintosh; Intel Mac OS X 10_15_7) AppleWebKit/537.36 (KHTML, like Gecko) Chrome/96.0.4664.45 Safari/537.36\""}}
[debug] [2021-12-02T18:42:57.396Z] <<< [apiv2][status] GET https://www.gstatic.com/firebasejs/9.5.0/firebase-performance-compat.js 200
[debug] [2021-12-02T18:42:57.396Z] <<< [apiv2][body] GET https://www.gstatic.com/firebasejs/9.5.0/firebase-performance-compat.js [stream]
[info] i  hosting: ::1 - - [02/Dec/2021:18:42:57 +0000] "GET /__/firebase/9.5.0/firebase-performance-compat.js HTTP/1.1" 200 30801 "http://localhost:5015/" "Mozilla/5.0 (Macintosh; Intel Mac OS X 10_15_7) AppleWebKit/537.36 (KHTML, like Gecko) Chrome/96.0.4664.45 Safari/537.36" {"metadata":{"emulator":{"name":"hosting"},"message":"::1 - - [02/Dec/2021:18:42:57 +0000] \"GET /__/firebase/9.5.0/firebase-performance-compat.js HTTP/1.1\" 200 30801 \"http://localhost:5015/\" \"Mozilla/5.0 (Macintosh; Intel Mac OS X 10_15_7) AppleWebKit/537.36 (KHTML, like Gecko) Chrome/96.0.4664.45 Safari/537.36\""}}
[info] i  hosting: ::1 - - [02/Dec/2021:18:42:57 +0000] "GET /img/favicon/favicon-32x32.png HTTP/1.1" 200 2566 "http://localhost:5015/" "Mozilla/5.0 (Macintosh; Intel Mac OS X 10_15_7) AppleWebKit/537.36 (KHTML, like Gecko) Chrome/96.0.4664.45 Safari/537.36" {"metadata":{"emulator":{"name":"hosting"},"message":"::1 - - [02/Dec/2021:18:42:57 +0000] \"GET /img/favicon/favicon-32x32.png HTTP/1.1\" 200 2566 \"http://localhost:5015/\" \"Mozilla/5.0 (Macintosh; Intel Mac OS X 10_15_7) AppleWebKit/537.36 (KHTML, like Gecko) Chrome/96.0.4664.45 Safari/537.36\""}}
[info] i  hosting: ::1 - - [02/Dec/2021:18:42:57 +0000] "GET /img/favicon/favicon-16x16.png HTTP/1.1" 200 2566 "http://localhost:5015/" "Mozilla/5.0 (Macintosh; Intel Mac OS X 10_15_7) AppleWebKit/537.36 (KHTML, like Gecko) Chrome/96.0.4664.45 Safari/537.36" {"metadata":{"emulator":{"name":"hosting"},"message":"::1 - - [02/Dec/2021:18:42:57 +0000] \"GET /img/favicon/favicon-16x16.png HTTP/1.1\" 200 2566 \"http://localhost:5015/\" \"Mozilla/5.0 (Macintosh; Intel Mac OS X 10_15_7) AppleWebKit/537.36 (KHTML, like Gecko) Chrome/96.0.4664.45 Safari/537.36\""}}
[info] i  hosting: ::1 - - [02/Dec/2021:18:43:12 +0000] "GET / HTTP/1.1" 200 2566 "-" "Mozilla/5.0 (Macintosh; Intel Mac OS X 10_15_7) AppleWebKit/537.36 (KHTML, like Gecko) Chrome/96.0.4664.45 Safari/537.36" {"metadata":{"emulator":{"name":"hosting"},"message":"::1 - - [02/Dec/2021:18:43:12 +0000] \"GET / HTTP/1.1\" 200 2566 \"-\" \"Mozilla/5.0 (Macintosh; Intel Mac OS X 10_15_7) AppleWebKit/537.36 (KHTML, like Gecko) Chrome/96.0.4664.45 Safari/537.36\""}}
[info] i  hosting: ::1 - - [02/Dec/2021:18:43:12 +0000] "GET /__/firebase/init.js?useEmulator=true HTTP/1.1" 200 - "http://localhost:5015/" "Mozilla/5.0 (Macintosh; Intel Mac OS X 10_15_7) AppleWebKit/537.36 (KHTML, like Gecko) Chrome/96.0.4664.45 Safari/537.36" {"metadata":{"emulator":{"name":"hosting"},"message":"::1 - - [02/Dec/2021:18:43:12 +0000] \"GET /__/firebase/init.js?useEmulator=true HTTP/1.1\" 200 - \"http://localhost:5015/\" \"Mozilla/5.0 (Macintosh; Intel Mac OS X 10_15_7) AppleWebKit/537.36 (KHTML, like Gecko) Chrome/96.0.4664.45 Safari/537.36\""}}
[info] i  hosting: ::1 - - [02/Dec/2021:18:43:13 +0000] "GET / HTTP/1.1" 200 2566 "-" "Mozilla/5.0 (Macintosh; Intel Mac OS X 10_15_7) AppleWebKit/537.36 (KHTML, like Gecko) Chrome/96.0.4664.45 Safari/537.36" {"metadata":{"emulator":{"name":"hosting"},"message":"::1 - - [02/Dec/2021:18:43:13 +0000] \"GET / HTTP/1.1\" 200 2566 \"-\" \"Mozilla/5.0 (Macintosh; Intel Mac OS X 10_15_7) AppleWebKit/537.36 (KHTML, like Gecko) Chrome/96.0.4664.45 Safari/537.36\""}}
[info] i  hosting: ::1 - - [02/Dec/2021:18:43:13 +0000] "GET /__/firebase/init.js?useEmulator=true HTTP/1.1" 200 - "http://localhost:5015/" "Mozilla/5.0 (Macintosh; Intel Mac OS X 10_15_7) AppleWebKit/537.36 (KHTML, like Gecko) Chrome/96.0.4664.45 Safari/537.36" {"metadata":{"emulator":{"name":"hosting"},"message":"::1 - - [02/Dec/2021:18:43:13 +0000] \"GET /__/firebase/init.js?useEmulator=true HTTP/1.1\" 200 - \"http://localhost:5015/\" \"Mozilla/5.0 (Macintosh; Intel Mac OS X 10_15_7) AppleWebKit/537.36 (KHTML, like Gecko) Chrome/96.0.4664.45 Safari/537.36\""}}
[info] i  hosting: ::1 - - [02/Dec/2021:18:43:14 +0000] "GET / HTTP/1.1" 200 2566 "-" "Mozilla/5.0 (Macintosh; Intel Mac OS X 10_15_7) AppleWebKit/537.36 (KHTML, like Gecko) Chrome/96.0.4664.45 Safari/537.36" {"metadata":{"emulator":{"name":"hosting"},"message":"::1 - - [02/Dec/2021:18:43:14 +0000] \"GET / HTTP/1.1\" 200 2566 \"-\" \"Mozilla/5.0 (Macintosh; Intel Mac OS X 10_15_7) AppleWebKit/537.36 (KHTML, like Gecko) Chrome/96.0.4664.45 Safari/537.36\""}}
[info] i  hosting: ::1 - - [02/Dec/2021:18:43:14 +0000] "GET /__/firebase/init.js?useEmulator=true HTTP/1.1" 200 - "http://localhost:5015/" "Mozilla/5.0 (Macintosh; Intel Mac OS X 10_15_7) AppleWebKit/537.36 (KHTML, like Gecko) Chrome/96.0.4664.45 Safari/537.36" {"metadata":{"emulator":{"name":"hosting"},"message":"::1 - - [02/Dec/2021:18:43:14 +0000] \"GET /__/firebase/init.js?useEmulator=true HTTP/1.1\" 200 - \"http://localhost:5015/\" \"Mozilla/5.0 (Macintosh; Intel Mac OS X 10_15_7) AppleWebKit/537.36 (KHTML, like Gecko) Chrome/96.0.4664.45 Safari/537.36\""}}
[info] i  hosting: ::1 - - [02/Dec/2021:18:43:14 +0000] "GET / HTTP/1.1" 200 2566 "-" "Mozilla/5.0 (Macintosh; Intel Mac OS X 10_15_7) AppleWebKit/537.36 (KHTML, like Gecko) Chrome/96.0.4664.45 Safari/537.36" {"metadata":{"emulator":{"name":"hosting"},"message":"::1 - - [02/Dec/2021:18:43:14 +0000] \"GET / HTTP/1.1\" 200 2566 \"-\" \"Mozilla/5.0 (Macintosh; Intel Mac OS X 10_15_7) AppleWebKit/537.36 (KHTML, like Gecko) Chrome/96.0.4664.45 Safari/537.36\""}}
[info] i  hosting: ::1 - - [02/Dec/2021:18:43:14 +0000] "GET /__/firebase/init.js?useEmulator=true HTTP/1.1" 200 - "http://localhost:5015/" "Mozilla/5.0 (Macintosh; Intel Mac OS X 10_15_7) AppleWebKit/537.36 (KHTML, like Gecko) Chrome/96.0.4664.45 Safari/537.36" {"metadata":{"emulator":{"name":"hosting"},"message":"::1 - - [02/Dec/2021:18:43:14 +0000] \"GET /__/firebase/init.js?useEmulator=true HTTP/1.1\" 200 - \"http://localhost:5015/\" \"Mozilla/5.0 (Macintosh; Intel Mac OS X 10_15_7) AppleWebKit/537.36 (KHTML, like Gecko) Chrome/96.0.4664.45 Safari/537.36\""}}
[info] i  hosting: ::1 - - [02/Dec/2021:18:43:14 +0000] "GET / HTTP/1.1" 200 2566 "-" "Mozilla/5.0 (Macintosh; Intel Mac OS X 10_15_7) AppleWebKit/537.36 (KHTML, like Gecko) Chrome/96.0.4664.45 Safari/537.36" {"metadata":{"emulator":{"name":"hosting"},"message":"::1 - - [02/Dec/2021:18:43:14 +0000] \"GET / HTTP/1.1\" 200 2566 \"-\" \"Mozilla/5.0 (Macintosh; Intel Mac OS X 10_15_7) AppleWebKit/537.36 (KHTML, like Gecko) Chrome/96.0.4664.45 Safari/537.36\""}}
[info] i  hosting: ::1 - - [02/Dec/2021:18:43:14 +0000] "GET /__/firebase/init.js?useEmulator=true HTTP/1.1" 200 - "http://localhost:5015/" "Mozilla/5.0 (Macintosh; Intel Mac OS X 10_15_7) AppleWebKit/537.36 (KHTML, like Gecko) Chrome/96.0.4664.45 Safari/537.36" {"metadata":{"emulator":{"name":"hosting"},"message":"::1 - - [02/Dec/2021:18:43:14 +0000] \"GET /__/firebase/init.js?useEmulator=true HTTP/1.1\" 200 - \"http://localhost:5015/\" \"Mozilla/5.0 (Macintosh; Intel Mac OS X 10_15_7) AppleWebKit/537.36 (KHTML, like Gecko) Chrome/96.0.4664.45 Safari/537.36\""}}
[info] i  hosting: ::1 - - [02/Dec/2021:18:43:14 +0000] "GET / HTTP/1.1" 200 2566 "-" "Mozilla/5.0 (Macintosh; Intel Mac OS X 10_15_7) AppleWebKit/537.36 (KHTML, like Gecko) Chrome/96.0.4664.45 Safari/537.36" {"metadata":{"emulator":{"name":"hosting"},"message":"::1 - - [02/Dec/2021:18:43:14 +0000] \"GET / HTTP/1.1\" 200 2566 \"-\" \"Mozilla/5.0 (Macintosh; Intel Mac OS X 10_15_7) AppleWebKit/537.36 (KHTML, like Gecko) Chrome/96.0.4664.45 Safari/537.36\""}}
[info] i  hosting: ::1 - - [02/Dec/2021:18:43:14 +0000] "GET /__/firebase/init.js?useEmulator=true HTTP/1.1" 200 - "http://localhost:5015/" "Mozilla/5.0 (Macintosh; Intel Mac OS X 10_15_7) AppleWebKit/537.36 (KHTML, like Gecko) Chrome/96.0.4664.45 Safari/537.36" {"metadata":{"emulator":{"name":"hosting"},"message":"::1 - - [02/Dec/2021:18:43:14 +0000] \"GET /__/firebase/init.js?useEmulator=true HTTP/1.1\" 200 - \"http://localhost:5015/\" \"Mozilla/5.0 (Macintosh; Intel Mac OS X 10_15_7) AppleWebKit/537.36 (KHTML, like Gecko) Chrome/96.0.4664.45 Safari/537.36\""}}
[info] i  hosting: ::1 - - [02/Dec/2021:18:43:31 +0000] "GET /__/firebase/init.js?useEmulator=true HTTP/1.1" 200 - "http://localhost:5015/" "Mozilla/5.0 (Macintosh; Intel Mac OS X 10_15_7) AppleWebKit/537.36 (KHTML, like Gecko) Chrome/96.0.4664.45 Safari/537.36" {"metadata":{"emulator":{"name":"hosting"},"message":"::1 - - [02/Dec/2021:18:43:31 +0000] \"GET /__/firebase/init.js?useEmulator=true HTTP/1.1\" 200 - \"http://localhost:5015/\" \"Mozilla/5.0 (Macintosh; Intel Mac OS X 10_15_7) AppleWebKit/537.36 (KHTML, like Gecko) Chrome/96.0.4664.45 Safari/537.36\""}}
[info] i  hosting: ::1 - - [02/Dec/2021:18:43:32 +0000] "GET / HTTP/1.1" 200 2566 "-" "Mozilla/5.0 (Macintosh; Intel Mac OS X 10_15_7) AppleWebKit/537.36 (KHTML, like Gecko) Chrome/96.0.4664.45 Safari/537.36" {"metadata":{"emulator":{"name":"hosting"},"message":"::1 - - [02/Dec/2021:18:43:32 +0000] \"GET / HTTP/1.1\" 200 2566 \"-\" \"Mozilla/5.0 (Macintosh; Intel Mac OS X 10_15_7) AppleWebKit/537.36 (KHTML, like Gecko) Chrome/96.0.4664.45 Safari/537.36\""}}
[info] i  hosting: ::1 - - [02/Dec/2021:18:43:32 +0000] "GET /__/firebase/init.js?useEmulator=true HTTP/1.1" 200 - "http://localhost:5015/" "Mozilla/5.0 (Macintosh; Intel Mac OS X 10_15_7) AppleWebKit/537.36 (KHTML, like Gecko) Chrome/96.0.4664.45 Safari/537.36" {"metadata":{"emulator":{"name":"hosting"},"message":"::1 - - [02/Dec/2021:18:43:32 +0000] \"GET /__/firebase/init.js?useEmulator=true HTTP/1.1\" 200 - \"http://localhost:5015/\" \"Mozilla/5.0 (Macintosh; Intel Mac OS X 10_15_7) AppleWebKit/537.36 (KHTML, like Gecko) Chrome/96.0.4664.45 Safari/537.36\""}}
[debug] [2021-12-03T09:32:03.627Z] ----------------------------------------------------------------------
[debug] [2021-12-03T09:32:03.629Z] Command:       /usr/local/Cellar/node/17.0.1/bin/node /usr/local/bin/firebase serve
[debug] [2021-12-03T09:32:03.629Z] CLI Version:   9.23.0
[debug] [2021-12-03T09:32:03.629Z] Platform:      darwin
[debug] [2021-12-03T09:32:03.629Z] Node Version:  v17.0.1
[debug] [2021-12-03T09:32:03.636Z] Time:          Fri Dec 03 2021 10:32:03 GMT+0100 (Central European Standard Time)
[debug] [2021-12-03T09:32:03.636Z] ----------------------------------------------------------------------
[debug] 
[debug] [2021-12-03T09:32:03.679Z] > command requires scopes: ["email","openid","https://www.googleapis.com/auth/cloudplatformprojects.readonly","https://www.googleapis.com/auth/firebase","https://www.googleapis.com/auth/cloud-platform"]
[debug] [2021-12-03T09:32:03.679Z] > authorizing via signed-in user (nicolas.f.ollier@gmail.com)
[debug] [2021-12-03T09:32:03.679Z] [iam] checking project snake-game-4e96e for permissions ["firebase.projects.get"]
[debug] [2021-12-03T09:32:03.682Z] > refreshing access token with scopes: ["email","https://www.googleapis.com/auth/cloud-platform","https://www.googleapis.com/auth/cloudplatformprojects.readonly","https://www.googleapis.com/auth/firebase","openid"]
[debug] [2021-12-03T09:32:03.682Z] >>> HTTP REQUEST POST https://www.googleapis.com/oauth2/v3/token  
 <request body omitted>
[debug] [2021-12-03T09:32:04.046Z] <<< HTTP RESPONSE 200 {"expires":"Mon, 01 Jan 1990 00:00:00 GMT","pragma":"no-cache","date":"Fri, 03 Dec 2021 09:32:04 GMT","cache-control":"no-cache, no-store, max-age=0, must-revalidate","content-type":"application/json; charset=utf-8","vary":"X-Origin, Referer, Origin,Accept-Encoding","server":"scaffolding on HTTPServer2","x-xss-protection":"0","x-frame-options":"SAMEORIGIN","x-content-type-options":"nosniff","alt-svc":"h3=\":443\"; ma=2592000,h3-29=\":443\"; ma=2592000,h3-Q050=\":443\"; ma=2592000,h3-Q046=\":443\"; ma=2592000,h3-Q043=\":443\"; ma=2592000,quic=\":443\"; ma=2592000; v=\"46,43\"","accept-ranges":"none","transfer-encoding":"chunked"}
[debug] [2021-12-03T09:32:04.098Z] >>> HTTP REQUEST POST https://cloudresourcemanager.googleapis.com/v1/projects/snake-game-4e96e:testIamPermissions  
 {"permissions":["firebase.projects.get"]}
[debug] [2021-12-03T09:32:04.534Z] <<< HTTP RESPONSE 200 {"content-type":"application/json; charset=UTF-8","vary":"X-Origin, Referer, Origin,Accept-Encoding","date":"Fri, 03 Dec 2021 09:32:04 GMT","server":"ESF","cache-control":"private","x-xss-protection":"0","x-frame-options":"SAMEORIGIN","x-content-type-options":"nosniff","server-timing":"gfet4t7; dur=124","alt-svc":"h3=\":443\"; ma=2592000,h3-29=\":443\"; ma=2592000,h3-Q050=\":443\"; ma=2592000,h3-Q046=\":443\"; ma=2592000,h3-Q043=\":443\"; ma=2592000,quic=\":443\"; ma=2592000; v=\"46,43\"","accept-ranges":"none","transfer-encoding":"chunked"}
[debug] [2021-12-03T09:32:04.535Z] > refreshing access token with scopes: []
[debug] [2021-12-03T09:32:04.535Z] >>> HTTP REQUEST POST https://www.googleapis.com/oauth2/v3/token  
 <request body omitted>
[debug] [2021-12-03T09:32:04.766Z] <<< HTTP RESPONSE 200 {"date":"Fri, 03 Dec 2021 09:32:04 GMT","cache-control":"no-cache, no-store, max-age=0, must-revalidate","expires":"Mon, 01 Jan 1990 00:00:00 GMT","pragma":"no-cache","content-type":"application/json; charset=utf-8","vary":"X-Origin, Referer, Origin,Accept-Encoding","server":"scaffolding on HTTPServer2","x-xss-protection":"0","x-frame-options":"SAMEORIGIN","x-content-type-options":"nosniff","alt-svc":"h3=\":443\"; ma=2592000,h3-29=\":443\"; ma=2592000,h3-Q050=\":443\"; ma=2592000,h3-Q046=\":443\"; ma=2592000,h3-Q043=\":443\"; ma=2592000,quic=\":443\"; ma=2592000; v=\"46,43\"","accept-ranges":"none","transfer-encoding":"chunked"}
[debug] [2021-12-03T09:32:04.811Z] >>> [apiv2][query] GET https://firebase.googleapis.com/v1beta1/projects/snake-game-4e96e [none]
[debug] [2021-12-03T09:32:05.461Z] <<< [apiv2][status] GET https://firebase.googleapis.com/v1beta1/projects/snake-game-4e96e 200
[debug] [2021-12-03T09:32:05.461Z] <<< [apiv2][body] GET https://firebase.googleapis.com/v1beta1/projects/snake-game-4e96e {"projectId":"snake-game-4e96e","projectNumber":"343982368404","displayName":"Snake Game","name":"projects/snake-game-4e96e","resources":{"hostingSite":"snake-game-4e96e","realtimeDatabaseInstance":"snake-game-4e96e-default-rtdb","storageBucket":"snake-game-4e96e.appspot.com","locationId":"europe-west"},"state":"ACTIVE"}
[info] 
[info] === Serving from '/Users/nicolas_ollier/Desktop/Dev/Sandbox/snake-game'...
[info] 
[debug] [2021-12-03T09:32:05.462Z] >>> [apiv2][query] GET https://firebasehosting.googleapis.com/v1beta1/projects/snake-game-4e96e/sites 
[debug] [2021-12-03T09:32:06.175Z] <<< [apiv2][status] GET https://firebasehosting.googleapis.com/v1beta1/projects/snake-game-4e96e/sites 200
[debug] [2021-12-03T09:32:06.175Z] <<< [apiv2][body] GET https://firebasehosting.googleapis.com/v1beta1/projects/snake-game-4e96e/sites {"sites":[{"name":"projects/343982368404/sites/snake-game-4e96e","defaultUrl":"https://snake-game-4e96e.web.app","type":"DEFAULT_SITE"}]}
[debug] [2021-12-03T09:32:06.176Z] >>> [apiv2][query] GET https://firebase.googleapis.com/v1beta1/projects/snake-game-4e96e/webApps/-/config [none]
[debug] [2021-12-03T09:32:06.892Z] <<< [apiv2][status] GET https://firebase.googleapis.com/v1beta1/projects/snake-game-4e96e/webApps/-/config 200
[debug] [2021-12-03T09:32:06.892Z] <<< [apiv2][body] GET https://firebase.googleapis.com/v1beta1/projects/snake-game-4e96e/webApps/-/config {"projectId":"snake-game-4e96e","appId":"1:343982368404:web:d623f572ddad359aceb681","databaseURL":"https://snake-game-4e96e-default-rtdb.europe-west1.firebasedatabase.app","storageBucket":"snake-game-4e96e.appspot.com","locationId":"europe-west","apiKey":"AIzaSyC1xJ79NrByq95mrmEf_kF7T9cIyllCn5w","authDomain":"snake-game-4e96e.firebaseapp.com","messagingSenderId":"343982368404"}
[warn] ⚠  hosting: Port 5000 is not available. Trying another port... {"metadata":{"emulator":{"name":"hosting"},"message":"\u001b[33mhosting: \u001b[39mPort 5000 is not available. Trying another port..."}}
[warn] ⚠  hosting: Port 5000 is not available. Trying another port... {"metadata":{"emulator":{"name":"hosting"},"message":"\u001b[33mhosting: \u001b[39mPort 5000 is not available. Trying another port..."}}
[warn] ⚠  hosting: Port 5000 is not available. Trying another port... {"metadata":{"emulator":{"name":"hosting"},"message":"\u001b[33mhosting: \u001b[39mPort 5000 is not available. Trying another port..."}}
[warn] ⚠  hosting: Port 5000 is not available. Trying another port... {"metadata":{"emulator":{"name":"hosting"},"message":"\u001b[33mhosting: \u001b[39mPort 5000 is not available. Trying another port..."}}
[info] i  hosting: Serving hosting files from: public {"metadata":{"emulator":{"name":"hosting"},"message":"Serving hosting files from: \u001b[1mpublic\u001b[22m"}}
[info] ✔  hosting: Local server: http://localhost:5020 {"metadata":{"emulator":{"name":"hosting"},"message":"Local server: \u001b[4m\u001b[1mhttp://localhost:5020\u001b[22m\u001b[24m"}}
[info] i  hosting: ::1 - - [03/Dec/2021:09:32:16 +0000] "GET / HTTP/1.1" 200 2565 "-" "Mozilla/5.0 (Macintosh; Intel Mac OS X 10_15_7) AppleWebKit/537.36 (KHTML, like Gecko) Chrome/96.0.4664.45 Safari/537.36" {"metadata":{"emulator":{"name":"hosting"},"message":"::1 - - [03/Dec/2021:09:32:16 +0000] \"GET / HTTP/1.1\" 200 2565 \"-\" \"Mozilla/5.0 (Macintosh; Intel Mac OS X 10_15_7) AppleWebKit/537.36 (KHTML, like Gecko) Chrome/96.0.4664.45 Safari/537.36\""}}
[info] i  hosting: ::1 - - [03/Dec/2021:09:32:16 +0000] "GET /css/style.css HTTP/1.1" 200 1372 "http://localhost:5020/" "Mozilla/5.0 (Macintosh; Intel Mac OS X 10_15_7) AppleWebKit/537.36 (KHTML, like Gecko) Chrome/96.0.4664.45 Safari/537.36" {"metadata":{"emulator":{"name":"hosting"},"message":"::1 - - [03/Dec/2021:09:32:16 +0000] \"GET /css/style.css HTTP/1.1\" 200 1372 \"http://localhost:5020/\" \"Mozilla/5.0 (Macintosh; Intel Mac OS X 10_15_7) AppleWebKit/537.36 (KHTML, like Gecko) Chrome/96.0.4664.45 Safari/537.36\""}}
[info] i  hosting: ::1 - - [03/Dec/2021:09:32:16 +0000] "GET /css/reset.css HTTP/1.1" 200 1104 "http://localhost:5020/" "Mozilla/5.0 (Macintosh; Intel Mac OS X 10_15_7) AppleWebKit/537.36 (KHTML, like Gecko) Chrome/96.0.4664.45 Safari/537.36" {"metadata":{"emulator":{"name":"hosting"},"message":"::1 - - [03/Dec/2021:09:32:16 +0000] \"GET /css/reset.css HTTP/1.1\" 200 1104 \"http://localhost:5020/\" \"Mozilla/5.0 (Macintosh; Intel Mac OS X 10_15_7) AppleWebKit/537.36 (KHTML, like Gecko) Chrome/96.0.4664.45 Safari/537.36\""}}
[debug] [2021-12-03T09:32:16.717Z] >>> [apiv2][query] GET https://www.gstatic.com/firebasejs/9.5.0/firebase-app-compat.js [none]
[debug] [2021-12-03T09:32:16.721Z] >>> [apiv2][query] GET https://www.gstatic.com/firebasejs/9.5.0/firebase-auth-compat.js [none]
[debug] [2021-12-03T09:32:16.723Z] >>> [apiv2][query] GET https://www.gstatic.com/firebasejs/9.5.0/firebase-database-compat.js [none]
[debug] [2021-12-03T09:32:16.725Z] >>> [apiv2][query] GET https://www.gstatic.com/firebasejs/9.5.0/firebase-firestore-compat.js [none]
[debug] [2021-12-03T09:32:16.727Z] >>> [apiv2][query] GET https://www.gstatic.com/firebasejs/9.5.0/firebase-functions-compat.js [none]
[info] i  hosting: ::1 - - [03/Dec/2021:09:32:16 +0000] "GET /index.js HTTP/1.1" 200 3609 "http://localhost:5020/" "Mozilla/5.0 (Macintosh; Intel Mac OS X 10_15_7) AppleWebKit/537.36 (KHTML, like Gecko) Chrome/96.0.4664.45 Safari/537.36" {"metadata":{"emulator":{"name":"hosting"},"message":"::1 - - [03/Dec/2021:09:32:16 +0000] \"GET /index.js HTTP/1.1\" 200 3609 \"http://localhost:5020/\" \"Mozilla/5.0 (Macintosh; Intel Mac OS X 10_15_7) AppleWebKit/537.36 (KHTML, like Gecko) Chrome/96.0.4664.45 Safari/537.36\""}}
[debug] [2021-12-03T09:32:16.733Z] >>> [apiv2][query] GET https://www.gstatic.com/firebasejs/9.5.0/firebase-messaging-compat.js [none]
[debug] [2021-12-03T09:32:16.924Z] <<< [apiv2][status] GET https://www.gstatic.com/firebasejs/9.5.0/firebase-app-compat.js 200
[debug] [2021-12-03T09:32:16.924Z] <<< [apiv2][body] GET https://www.gstatic.com/firebasejs/9.5.0/firebase-app-compat.js [stream]
[info] i  hosting: ::1 - - [03/Dec/2021:09:32:16 +0000] "GET /__/firebase/9.5.0/firebase-app-compat.js HTTP/1.1" 200 17887 "http://localhost:5020/" "Mozilla/5.0 (Macintosh; Intel Mac OS X 10_15_7) AppleWebKit/537.36 (KHTML, like Gecko) Chrome/96.0.4664.45 Safari/537.36" {"metadata":{"emulator":{"name":"hosting"},"message":"::1 - - [03/Dec/2021:09:32:16 +0000] \"GET /__/firebase/9.5.0/firebase-app-compat.js HTTP/1.1\" 200 17887 \"http://localhost:5020/\" \"Mozilla/5.0 (Macintosh; Intel Mac OS X 10_15_7) AppleWebKit/537.36 (KHTML, like Gecko) Chrome/96.0.4664.45 Safari/537.36\""}}
[info] i  hosting: ::1 - - [03/Dec/2021:09:32:16 +0000] "GET /img/logo/game-logo.svg HTTP/1.1" 200 2565 "http://localhost:5020/" "Mozilla/5.0 (Macintosh; Intel Mac OS X 10_15_7) AppleWebKit/537.36 (KHTML, like Gecko) Chrome/96.0.4664.45 Safari/537.36" {"metadata":{"emulator":{"name":"hosting"},"message":"::1 - - [03/Dec/2021:09:32:16 +0000] \"GET /img/logo/game-logo.svg HTTP/1.1\" 200 2565 \"http://localhost:5020/\" \"Mozilla/5.0 (Macintosh; Intel Mac OS X 10_15_7) AppleWebKit/537.36 (KHTML, like Gecko) Chrome/96.0.4664.45 Safari/537.36\""}}
[debug] [2021-12-03T09:32:16.934Z] >>> [apiv2][query] GET https://www.gstatic.com/firebasejs/9.5.0/firebase-storage-compat.js [none]
[debug] [2021-12-03T09:32:16.937Z] <<< [apiv2][status] GET https://www.gstatic.com/firebasejs/9.5.0/firebase-firestore-compat.js 200
[debug] [2021-12-03T09:32:16.937Z] <<< [apiv2][body] GET https://www.gstatic.com/firebasejs/9.5.0/firebase-firestore-compat.js [stream]
[debug] [2021-12-03T09:32:16.939Z] <<< [apiv2][status] GET https://www.gstatic.com/firebasejs/9.5.0/firebase-auth-compat.js 200
[debug] [2021-12-03T09:32:16.939Z] <<< [apiv2][body] GET https://www.gstatic.com/firebasejs/9.5.0/firebase-auth-compat.js [stream]
[debug] [2021-12-03T09:32:16.945Z] <<< [apiv2][status] GET https://www.gstatic.com/firebasejs/9.5.0/firebase-database-compat.js 200
[debug] [2021-12-03T09:32:16.945Z] <<< [apiv2][body] GET https://www.gstatic.com/firebasejs/9.5.0/firebase-database-compat.js [stream]
[debug] [2021-12-03T09:32:16.946Z] <<< [apiv2][status] GET https://www.gstatic.com/firebasejs/9.5.0/firebase-messaging-compat.js 200
[debug] [2021-12-03T09:32:16.946Z] <<< [apiv2][body] GET https://www.gstatic.com/firebasejs/9.5.0/firebase-messaging-compat.js [stream]
[debug] [2021-12-03T09:32:16.948Z] <<< [apiv2][status] GET https://www.gstatic.com/firebasejs/9.5.0/firebase-functions-compat.js 200
[debug] [2021-12-03T09:32:16.948Z] <<< [apiv2][body] GET https://www.gstatic.com/firebasejs/9.5.0/firebase-functions-compat.js [stream]
[info] i  hosting: ::1 - - [03/Dec/2021:09:32:16 +0000] "GET /__/firebase/9.5.0/firebase-functions-compat.js HTTP/1.1" 200 7947 "http://localhost:5020/" "Mozilla/5.0 (Macintosh; Intel Mac OS X 10_15_7) AppleWebKit/537.36 (KHTML, like Gecko) Chrome/96.0.4664.45 Safari/537.36" {"metadata":{"emulator":{"name":"hosting"},"message":"::1 - - [03/Dec/2021:09:32:16 +0000] \"GET /__/firebase/9.5.0/firebase-functions-compat.js HTTP/1.1\" 200 7947 \"http://localhost:5020/\" \"Mozilla/5.0 (Macintosh; Intel Mac OS X 10_15_7) AppleWebKit/537.36 (KHTML, like Gecko) Chrome/96.0.4664.45 Safari/537.36\""}}
[debug] [2021-12-03T09:32:16.954Z] >>> [apiv2][query] GET https://www.gstatic.com/firebasejs/9.5.0/firebase-analytics-compat.js [none]
[info] i  hosting: ::1 - - [03/Dec/2021:09:32:16 +0000] "GET /__/firebase/9.5.0/firebase-messaging-compat.js HTTP/1.1" 200 37955 "http://localhost:5020/" "Mozilla/5.0 (Macintosh; Intel Mac OS X 10_15_7) AppleWebKit/537.36 (KHTML, like Gecko) Chrome/96.0.4664.45 Safari/537.36" {"metadata":{"emulator":{"name":"hosting"},"message":"::1 - - [03/Dec/2021:09:32:16 +0000] \"GET /__/firebase/9.5.0/firebase-messaging-compat.js HTTP/1.1\" 200 37955 \"http://localhost:5020/\" \"Mozilla/5.0 (Macintosh; Intel Mac OS X 10_15_7) AppleWebKit/537.36 (KHTML, like Gecko) Chrome/96.0.4664.45 Safari/537.36\""}}
[debug] [2021-12-03T09:32:16.970Z] >>> [apiv2][query] GET https://www.gstatic.com/firebasejs/9.5.0/firebase-remote-config-compat.js [none]
[info] i  hosting: ::1 - - [03/Dec/2021:09:32:16 +0000] "GET /__/firebase/9.5.0/firebase-auth-compat.js HTTP/1.1" 200 122868 "http://localhost:5020/" "Mozilla/5.0 (Macintosh; Intel Mac OS X 10_15_7) AppleWebKit/537.36 (KHTML, like Gecko) Chrome/96.0.4664.45 Safari/537.36" {"metadata":{"emulator":{"name":"hosting"},"message":"::1 - - [03/Dec/2021:09:32:16 +0000] \"GET /__/firebase/9.5.0/firebase-auth-compat.js HTTP/1.1\" 200 122868 \"http://localhost:5020/\" \"Mozilla/5.0 (Macintosh; Intel Mac OS X 10_15_7) AppleWebKit/537.36 (KHTML, like Gecko) Chrome/96.0.4664.45 Safari/537.36\""}}
[debug] [2021-12-03T09:32:16.993Z] >>> [apiv2][query] GET https://www.gstatic.com/firebasejs/9.5.0/firebase-performance-compat.js [none]
[info] i  hosting: ::1 - - [03/Dec/2021:09:32:16 +0000] "GET /__/firebase/9.5.0/firebase-database-compat.js HTTP/1.1" 200 165337 "http://localhost:5020/" "Mozilla/5.0 (Macintosh; Intel Mac OS X 10_15_7) AppleWebKit/537.36 (KHTML, like Gecko) Chrome/96.0.4664.45 Safari/537.36" {"metadata":{"emulator":{"name":"hosting"},"message":"::1 - - [03/Dec/2021:09:32:16 +0000] \"GET /__/firebase/9.5.0/firebase-database-compat.js HTTP/1.1\" 200 165337 \"http://localhost:5020/\" \"Mozilla/5.0 (Macintosh; Intel Mac OS X 10_15_7) AppleWebKit/537.36 (KHTML, like Gecko) Chrome/96.0.4664.45 Safari/537.36\""}}
[info] i  hosting: ::1 - - [03/Dec/2021:09:32:17 +0000] "GET /__/firebase/init.js?useEmulator=true HTTP/1.1" 200 - "http://localhost:5020/" "Mozilla/5.0 (Macintosh; Intel Mac OS X 10_15_7) AppleWebKit/537.36 (KHTML, like Gecko) Chrome/96.0.4664.45 Safari/537.36" {"metadata":{"emulator":{"name":"hosting"},"message":"::1 - - [03/Dec/2021:09:32:17 +0000] \"GET /__/firebase/init.js?useEmulator=true HTTP/1.1\" 200 - \"http://localhost:5020/\" \"Mozilla/5.0 (Macintosh; Intel Mac OS X 10_15_7) AppleWebKit/537.36 (KHTML, like Gecko) Chrome/96.0.4664.45 Safari/537.36\""}}
[info] i  hosting: ::1 - - [03/Dec/2021:09:32:17 +0000] "GET /__/firebase/9.5.0/firebase-firestore-compat.js HTTP/1.1" 200 277960 "http://localhost:5020/" "Mozilla/5.0 (Macintosh; Intel Mac OS X 10_15_7) AppleWebKit/537.36 (KHTML, like Gecko) Chrome/96.0.4664.45 Safari/537.36" {"metadata":{"emulator":{"name":"hosting"},"message":"::1 - - [03/Dec/2021:09:32:17 +0000] \"GET /__/firebase/9.5.0/firebase-firestore-compat.js HTTP/1.1\" 200 277960 \"http://localhost:5020/\" \"Mozilla/5.0 (Macintosh; Intel Mac OS X 10_15_7) AppleWebKit/537.36 (KHTML, like Gecko) Chrome/96.0.4664.45 Safari/537.36\""}}
[debug] [2021-12-03T09:32:17.152Z] <<< [apiv2][status] GET https://www.gstatic.com/firebasejs/9.5.0/firebase-storage-compat.js 200
[debug] [2021-12-03T09:32:17.152Z] <<< [apiv2][body] GET https://www.gstatic.com/firebasejs/9.5.0/firebase-storage-compat.js [stream]
[info] i  hosting: ::1 - - [03/Dec/2021:09:32:17 +0000] "GET /__/firebase/9.5.0/firebase-storage-compat.js HTTP/1.1" 200 38244 "http://localhost:5020/" "Mozilla/5.0 (Macintosh; Intel Mac OS X 10_15_7) AppleWebKit/537.36 (KHTML, like Gecko) Chrome/96.0.4664.45 Safari/537.36" {"metadata":{"emulator":{"name":"hosting"},"message":"::1 - - [03/Dec/2021:09:32:17 +0000] \"GET /__/firebase/9.5.0/firebase-storage-compat.js HTTP/1.1\" 200 38244 \"http://localhost:5020/\" \"Mozilla/5.0 (Macintosh; Intel Mac OS X 10_15_7) AppleWebKit/537.36 (KHTML, like Gecko) Chrome/96.0.4664.45 Safari/537.36\""}}
[debug] [2021-12-03T09:32:17.168Z] <<< [apiv2][status] GET https://www.gstatic.com/firebasejs/9.5.0/firebase-analytics-compat.js 200
[debug] [2021-12-03T09:32:17.168Z] <<< [apiv2][body] GET https://www.gstatic.com/firebasejs/9.5.0/firebase-analytics-compat.js [stream]
[info] i  hosting: ::1 - - [03/Dec/2021:09:32:17 +0000] "GET /__/firebase/9.5.0/firebase-analytics-compat.js HTTP/1.1" 200 26026 "http://localhost:5020/" "Mozilla/5.0 (Macintosh; Intel Mac OS X 10_15_7) AppleWebKit/537.36 (KHTML, like Gecko) Chrome/96.0.4664.45 Safari/537.36" {"metadata":{"emulator":{"name":"hosting"},"message":"::1 - - [03/Dec/2021:09:32:17 +0000] \"GET /__/firebase/9.5.0/firebase-analytics-compat.js HTTP/1.1\" 200 26026 \"http://localhost:5020/\" \"Mozilla/5.0 (Macintosh; Intel Mac OS X 10_15_7) AppleWebKit/537.36 (KHTML, like Gecko) Chrome/96.0.4664.45 Safari/537.36\""}}
[debug] [2021-12-03T09:32:17.179Z] <<< [apiv2][status] GET https://www.gstatic.com/firebasejs/9.5.0/firebase-remote-config-compat.js 200
[debug] [2021-12-03T09:32:17.179Z] <<< [apiv2][body] GET https://www.gstatic.com/firebasejs/9.5.0/firebase-remote-config-compat.js [stream]
[info] i  hosting: ::1 - - [03/Dec/2021:09:32:17 +0000] "GET /__/firebase/9.5.0/firebase-remote-config-compat.js HTTP/1.1" 200 27493 "http://localhost:5020/" "Mozilla/5.0 (Macintosh; Intel Mac OS X 10_15_7) AppleWebKit/537.36 (KHTML, like Gecko) Chrome/96.0.4664.45 Safari/537.36" {"metadata":{"emulator":{"name":"hosting"},"message":"::1 - - [03/Dec/2021:09:32:17 +0000] \"GET /__/firebase/9.5.0/firebase-remote-config-compat.js HTTP/1.1\" 200 27493 \"http://localhost:5020/\" \"Mozilla/5.0 (Macintosh; Intel Mac OS X 10_15_7) AppleWebKit/537.36 (KHTML, like Gecko) Chrome/96.0.4664.45 Safari/537.36\""}}
[debug] [2021-12-03T09:32:17.201Z] <<< [apiv2][status] GET https://www.gstatic.com/firebasejs/9.5.0/firebase-performance-compat.js 200
[debug] [2021-12-03T09:32:17.201Z] <<< [apiv2][body] GET https://www.gstatic.com/firebasejs/9.5.0/firebase-performance-compat.js [stream]
[info] i  hosting: ::1 - - [03/Dec/2021:09:32:17 +0000] "GET /__/firebase/9.5.0/firebase-performance-compat.js HTTP/1.1" 200 30801 "http://localhost:5020/" "Mozilla/5.0 (Macintosh; Intel Mac OS X 10_15_7) AppleWebKit/537.36 (KHTML, like Gecko) Chrome/96.0.4664.45 Safari/537.36" {"metadata":{"emulator":{"name":"hosting"},"message":"::1 - - [03/Dec/2021:09:32:17 +0000] \"GET /__/firebase/9.5.0/firebase-performance-compat.js HTTP/1.1\" 200 30801 \"http://localhost:5020/\" \"Mozilla/5.0 (Macintosh; Intel Mac OS X 10_15_7) AppleWebKit/537.36 (KHTML, like Gecko) Chrome/96.0.4664.45 Safari/537.36\""}}
[info] i  hosting: ::1 - - [03/Dec/2021:09:32:17 +0000] "GET /img/favicon/favicon-32x32.png HTTP/1.1" 200 2565 "http://localhost:5020/" "Mozilla/5.0 (Macintosh; Intel Mac OS X 10_15_7) AppleWebKit/537.36 (KHTML, like Gecko) Chrome/96.0.4664.45 Safari/537.36" {"metadata":{"emulator":{"name":"hosting"},"message":"::1 - - [03/Dec/2021:09:32:17 +0000] \"GET /img/favicon/favicon-32x32.png HTTP/1.1\" 200 2565 \"http://localhost:5020/\" \"Mozilla/5.0 (Macintosh; Intel Mac OS X 10_15_7) AppleWebKit/537.36 (KHTML, like Gecko) Chrome/96.0.4664.45 Safari/537.36\""}}
[info] i  hosting: ::1 - - [03/Dec/2021:09:32:17 +0000] "GET /img/favicon/favicon-16x16.png HTTP/1.1" 200 2565 "http://localhost:5020/" "Mozilla/5.0 (Macintosh; Intel Mac OS X 10_15_7) AppleWebKit/537.36 (KHTML, like Gecko) Chrome/96.0.4664.45 Safari/537.36" {"metadata":{"emulator":{"name":"hosting"},"message":"::1 - - [03/Dec/2021:09:32:17 +0000] \"GET /img/favicon/favicon-16x16.png HTTP/1.1\" 200 2565 \"http://localhost:5020/\" \"Mozilla/5.0 (Macintosh; Intel Mac OS X 10_15_7) AppleWebKit/537.36 (KHTML, like Gecko) Chrome/96.0.4664.45 Safari/537.36\""}}
[info] i  hosting: ::1 - - [03/Dec/2021:09:32:19 +0000] "GET / HTTP/1.1" 200 2565 "-" "Mozilla/5.0 (Macintosh; Intel Mac OS X 10_15_7) AppleWebKit/537.36 (KHTML, like Gecko) Chrome/96.0.4664.45 Safari/537.36" {"metadata":{"emulator":{"name":"hosting"},"message":"::1 - - [03/Dec/2021:09:32:19 +0000] \"GET / HTTP/1.1\" 200 2565 \"-\" \"Mozilla/5.0 (Macintosh; Intel Mac OS X 10_15_7) AppleWebKit/537.36 (KHTML, like Gecko) Chrome/96.0.4664.45 Safari/537.36\""}}
[info] i  hosting: ::1 - - [03/Dec/2021:09:32:19 +0000] "GET /__/firebase/init.js?useEmulator=true HTTP/1.1" 200 - "http://localhost:5020/" "Mozilla/5.0 (Macintosh; Intel Mac OS X 10_15_7) AppleWebKit/537.36 (KHTML, like Gecko) Chrome/96.0.4664.45 Safari/537.36" {"metadata":{"emulator":{"name":"hosting"},"message":"::1 - - [03/Dec/2021:09:32:19 +0000] \"GET /__/firebase/init.js?useEmulator=true HTTP/1.1\" 200 - \"http://localhost:5020/\" \"Mozilla/5.0 (Macintosh; Intel Mac OS X 10_15_7) AppleWebKit/537.36 (KHTML, like Gecko) Chrome/96.0.4664.45 Safari/537.36\""}}
[info] i  hosting: ::1 - - [03/Dec/2021:09:34:56 +0000] "GET / HTTP/1.1" 200 2596 "-" "Mozilla/5.0 (Macintosh; Intel Mac OS X 10_15_7) AppleWebKit/537.36 (KHTML, like Gecko) Chrome/96.0.4664.45 Safari/537.36" {"metadata":{"emulator":{"name":"hosting"},"message":"::1 - - [03/Dec/2021:09:34:56 +0000] \"GET / HTTP/1.1\" 200 2596 \"-\" \"Mozilla/5.0 (Macintosh; Intel Mac OS X 10_15_7) AppleWebKit/537.36 (KHTML, like Gecko) Chrome/96.0.4664.45 Safari/537.36\""}}
[info] i  hosting: ::1 - - [03/Dec/2021:09:34:56 +0000] "GET /__/firebase/init.js?useEmulator=true HTTP/1.1" 200 - "http://localhost:5020/" "Mozilla/5.0 (Macintosh; Intel Mac OS X 10_15_7) AppleWebKit/537.36 (KHTML, like Gecko) Chrome/96.0.4664.45 Safari/537.36" {"metadata":{"emulator":{"name":"hosting"},"message":"::1 - - [03/Dec/2021:09:34:56 +0000] \"GET /__/firebase/init.js?useEmulator=true HTTP/1.1\" 200 - \"http://localhost:5020/\" \"Mozilla/5.0 (Macintosh; Intel Mac OS X 10_15_7) AppleWebKit/537.36 (KHTML, like Gecko) Chrome/96.0.4664.45 Safari/537.36\""}}
[info] i  hosting: ::1 - - [03/Dec/2021:09:34:57 +0000] "GET / HTTP/1.1" 200 2596 "-" "Mozilla/5.0 (Macintosh; Intel Mac OS X 10_15_7) AppleWebKit/537.36 (KHTML, like Gecko) Chrome/96.0.4664.45 Safari/537.36" {"metadata":{"emulator":{"name":"hosting"},"message":"::1 - - [03/Dec/2021:09:34:57 +0000] \"GET / HTTP/1.1\" 200 2596 \"-\" \"Mozilla/5.0 (Macintosh; Intel Mac OS X 10_15_7) AppleWebKit/537.36 (KHTML, like Gecko) Chrome/96.0.4664.45 Safari/537.36\""}}
[info] i  hosting: ::1 - - [03/Dec/2021:09:34:57 +0000] "GET /__/firebase/init.js?useEmulator=true HTTP/1.1" 200 - "http://localhost:5020/" "Mozilla/5.0 (Macintosh; Intel Mac OS X 10_15_7) AppleWebKit/537.36 (KHTML, like Gecko) Chrome/96.0.4664.45 Safari/537.36" {"metadata":{"emulator":{"name":"hosting"},"message":"::1 - - [03/Dec/2021:09:34:57 +0000] \"GET /__/firebase/init.js?useEmulator=true HTTP/1.1\" 200 - \"http://localhost:5020/\" \"Mozilla/5.0 (Macintosh; Intel Mac OS X 10_15_7) AppleWebKit/537.36 (KHTML, like Gecko) Chrome/96.0.4664.45 Safari/537.36\""}}
[info] i  hosting: ::1 - - [03/Dec/2021:09:34:58 +0000] "GET / HTTP/1.1" 200 2596 "-" "Mozilla/5.0 (Macintosh; Intel Mac OS X 10_15_7) AppleWebKit/537.36 (KHTML, like Gecko) Chrome/96.0.4664.45 Safari/537.36" {"metadata":{"emulator":{"name":"hosting"},"message":"::1 - - [03/Dec/2021:09:34:58 +0000] \"GET / HTTP/1.1\" 200 2596 \"-\" \"Mozilla/5.0 (Macintosh; Intel Mac OS X 10_15_7) AppleWebKit/537.36 (KHTML, like Gecko) Chrome/96.0.4664.45 Safari/537.36\""}}
[info] i  hosting: ::1 - - [03/Dec/2021:09:34:58 +0000] "GET /__/firebase/init.js?useEmulator=true HTTP/1.1" 200 - "http://localhost:5020/" "Mozilla/5.0 (Macintosh; Intel Mac OS X 10_15_7) AppleWebKit/537.36 (KHTML, like Gecko) Chrome/96.0.4664.45 Safari/537.36" {"metadata":{"emulator":{"name":"hosting"},"message":"::1 - - [03/Dec/2021:09:34:58 +0000] \"GET /__/firebase/init.js?useEmulator=true HTTP/1.1\" 200 - \"http://localhost:5020/\" \"Mozilla/5.0 (Macintosh; Intel Mac OS X 10_15_7) AppleWebKit/537.36 (KHTML, like Gecko) Chrome/96.0.4664.45 Safari/537.36\""}}
[info] i  hosting: ::1 - - [03/Dec/2021:09:34:59 +0000] "GET / HTTP/1.1" 200 2596 "-" "Mozilla/5.0 (Macintosh; Intel Mac OS X 10_15_7) AppleWebKit/537.36 (KHTML, like Gecko) Chrome/96.0.4664.45 Safari/537.36" {"metadata":{"emulator":{"name":"hosting"},"message":"::1 - - [03/Dec/2021:09:34:59 +0000] \"GET / HTTP/1.1\" 200 2596 \"-\" \"Mozilla/5.0 (Macintosh; Intel Mac OS X 10_15_7) AppleWebKit/537.36 (KHTML, like Gecko) Chrome/96.0.4664.45 Safari/537.36\""}}
[info] i  hosting: ::1 - - [03/Dec/2021:09:34:59 +0000] "GET /__/firebase/init.js?useEmulator=true HTTP/1.1" 200 - "http://localhost:5020/" "Mozilla/5.0 (Macintosh; Intel Mac OS X 10_15_7) AppleWebKit/537.36 (KHTML, like Gecko) Chrome/96.0.4664.45 Safari/537.36" {"metadata":{"emulator":{"name":"hosting"},"message":"::1 - - [03/Dec/2021:09:34:59 +0000] \"GET /__/firebase/init.js?useEmulator=true HTTP/1.1\" 200 - \"http://localhost:5020/\" \"Mozilla/5.0 (Macintosh; Intel Mac OS X 10_15_7) AppleWebKit/537.36 (KHTML, like Gecko) Chrome/96.0.4664.45 Safari/537.36\""}}
[info] i  hosting: ::1 - - [03/Dec/2021:09:35:08 +0000] "GET / HTTP/1.1" 200 2583 "-" "Mozilla/5.0 (Macintosh; Intel Mac OS X 10_15_7) AppleWebKit/537.36 (KHTML, like Gecko) Chrome/96.0.4664.45 Safari/537.36" {"metadata":{"emulator":{"name":"hosting"},"message":"::1 - - [03/Dec/2021:09:35:08 +0000] \"GET / HTTP/1.1\" 200 2583 \"-\" \"Mozilla/5.0 (Macintosh; Intel Mac OS X 10_15_7) AppleWebKit/537.36 (KHTML, like Gecko) Chrome/96.0.4664.45 Safari/537.36\""}}
[info] i  hosting: ::1 - - [03/Dec/2021:09:35:08 +0000] "GET /__/firebase/init.js?useEmulator=true HTTP/1.1" 200 - "http://localhost:5020/" "Mozilla/5.0 (Macintosh; Intel Mac OS X 10_15_7) AppleWebKit/537.36 (KHTML, like Gecko) Chrome/96.0.4664.45 Safari/537.36" {"metadata":{"emulator":{"name":"hosting"},"message":"::1 - - [03/Dec/2021:09:35:08 +0000] \"GET /__/firebase/init.js?useEmulator=true HTTP/1.1\" 200 - \"http://localhost:5020/\" \"Mozilla/5.0 (Macintosh; Intel Mac OS X 10_15_7) AppleWebKit/537.36 (KHTML, like Gecko) Chrome/96.0.4664.45 Safari/537.36\""}}
[info] i  hosting: ::1 - - [03/Dec/2021:09:35:28 +0000] "GET / HTTP/1.1" 200 2715 "-" "Mozilla/5.0 (Macintosh; Intel Mac OS X 10_15_7) AppleWebKit/537.36 (KHTML, like Gecko) Chrome/96.0.4664.45 Safari/537.36" {"metadata":{"emulator":{"name":"hosting"},"message":"::1 - - [03/Dec/2021:09:35:28 +0000] \"GET / HTTP/1.1\" 200 2715 \"-\" \"Mozilla/5.0 (Macintosh; Intel Mac OS X 10_15_7) AppleWebKit/537.36 (KHTML, like Gecko) Chrome/96.0.4664.45 Safari/537.36\""}}
[info] i  hosting: ::1 - - [03/Dec/2021:09:35:28 +0000] "GET /__/firebase/init.js?useEmulator=true HTTP/1.1" 200 - "http://localhost:5020/" "Mozilla/5.0 (Macintosh; Intel Mac OS X 10_15_7) AppleWebKit/537.36 (KHTML, like Gecko) Chrome/96.0.4664.45 Safari/537.36" {"metadata":{"emulator":{"name":"hosting"},"message":"::1 - - [03/Dec/2021:09:35:28 +0000] \"GET /__/firebase/init.js?useEmulator=true HTTP/1.1\" 200 - \"http://localhost:5020/\" \"Mozilla/5.0 (Macintosh; Intel Mac OS X 10_15_7) AppleWebKit/537.36 (KHTML, like Gecko) Chrome/96.0.4664.45 Safari/537.36\""}}
[info] i  hosting: ::1 - - [03/Dec/2021:09:35:47 +0000] "GET / HTTP/1.1" 200 2727 "-" "Mozilla/5.0 (Macintosh; Intel Mac OS X 10_15_7) AppleWebKit/537.36 (KHTML, like Gecko) Chrome/96.0.4664.45 Safari/537.36" {"metadata":{"emulator":{"name":"hosting"},"message":"::1 - - [03/Dec/2021:09:35:47 +0000] \"GET / HTTP/1.1\" 200 2727 \"-\" \"Mozilla/5.0 (Macintosh; Intel Mac OS X 10_15_7) AppleWebKit/537.36 (KHTML, like Gecko) Chrome/96.0.4664.45 Safari/537.36\""}}
[info] i  hosting: ::1 - - [03/Dec/2021:09:35:47 +0000] "GET /__/firebase/init.js?useEmulator=true HTTP/1.1" 200 - "http://localhost:5020/" "Mozilla/5.0 (Macintosh; Intel Mac OS X 10_15_7) AppleWebKit/537.36 (KHTML, like Gecko) Chrome/96.0.4664.45 Safari/537.36" {"metadata":{"emulator":{"name":"hosting"},"message":"::1 - - [03/Dec/2021:09:35:47 +0000] \"GET /__/firebase/init.js?useEmulator=true HTTP/1.1\" 200 - \"http://localhost:5020/\" \"Mozilla/5.0 (Macintosh; Intel Mac OS X 10_15_7) AppleWebKit/537.36 (KHTML, like Gecko) Chrome/96.0.4664.45 Safari/537.36\""}}
